<?xml version="1.0" encoding="UTF-8"?>
<!-- Generated by org.testng.reporters.JUnitReportReporter -->
<testsuite hostname="DESKTOP-43TVFPI" failures="1" tests="1" name="testrunner.Runnerfile" time="5.572" errors="0" timestamp="2025-07-18T16:55:51 IST" skipped="0">
  <testcase classname="testrunner.Runnerfile" name="runScenario" time="5.572">
    <failure message="expected [true] but found [false]" type="java.lang.AssertionError">
      <![CDATA[java.lang.AssertionError: expected [true] but found [false]
at org.testng.Assert.fail(Assert.java:111)
at org.testng.Assert.failNotEquals(Assert.java:1590)
at org.testng.Assert.assertTrue(Assert.java:57)
at org.testng.Assert.assertTrue(Assert.java:67)
at stepdefination.steps.an_error_message_should_be_displayed(steps.java:45)
at âœ½.an error message should be displayed(file:///C:/Users/USER/eclipse-workspace/Cucumberdemo/AllFeaturefiles/Facebooklogin.feature:8)
]]>
    </failure>
  </testcase> <!-- runScenario -->
</testsuite> <!-- testrunner.Runnerfile -->
